<?xml version="1.0" encoding="UTF-8"?>
<testsuite xmlns:xsi="http://www.w3.org/2001/XMLSchema-instance" xsi:noNamespaceSchemaLocation="https://maven.apache.org/surefire/maven-surefire-plugin/xsd/surefire-test-report-3.0.xsd" version="3.0" name="edu.uob.FinalTests" time="0.41" tests="4" errors="0" skipped="0" failures="0">
  <properties>
    <property name="java.specification.version" value="23"/>
    <property name="sun.jnu.encoding" value="UTF-8"/>
    <property name="java.class.path" value="/Users/apple01/cw-db加测试版/cw-db-over/target/test-classes:/Users/apple01/cw-db加测试版/cw-db-over/target/classes:/Users/apple01/.m2/repository/org/junit/jupiter/junit-jupiter/5.8.2/junit-jupiter-5.8.2.jar:/Users/apple01/.m2/repository/org/junit/jupiter/junit-jupiter-api/5.8.2/junit-jupiter-api-5.8.2.jar:/Users/apple01/.m2/repository/org/opentest4j/opentest4j/1.2.0/opentest4j-1.2.0.jar:/Users/apple01/.m2/repository/org/junit/platform/junit-platform-commons/1.8.2/junit-platform-commons-1.8.2.jar:/Users/apple01/.m2/repository/org/apiguardian/apiguardian-api/1.1.2/apiguardian-api-1.1.2.jar:/Users/apple01/.m2/repository/org/junit/jupiter/junit-jupiter-params/5.8.2/junit-jupiter-params-5.8.2.jar:/Users/apple01/.m2/repository/org/junit/jupiter/junit-jupiter-engine/5.8.2/junit-jupiter-engine-5.8.2.jar:/Users/apple01/.m2/repository/org/junit/platform/junit-platform-engine/1.8.2/junit-platform-engine-1.8.2.jar:/Users/apple01/.m2/repository/org/junit/platform/junit-platform-suite/1.8.2/junit-platform-suite-1.8.2.jar:/Users/apple01/.m2/repository/org/junit/platform/junit-platform-suite-api/1.8.2/junit-platform-suite-api-1.8.2.jar:/Users/apple01/.m2/repository/org/junit/platform/junit-platform-suite-engine/1.8.2/junit-platform-suite-engine-1.8.2.jar:/Users/apple01/.m2/repository/org/junit/platform/junit-platform-suite-commons/1.8.2/junit-platform-suite-commons-1.8.2.jar:/Users/apple01/.m2/repository/org/junit/platform/junit-platform-launcher/1.8.2/junit-platform-launcher-1.8.2.jar:"/>
    <property name="java.vm.vendor" value="Oracle Corporation"/>
    <property name="sun.arch.data.model" value="64"/>
    <property name="java.vendor.url" value="https://java.oracle.com/"/>
    <property name="os.name" value="Mac OS X"/>
    <property name="java.vm.specification.version" value="23"/>
    <property name="sun.java.launcher" value="SUN_STANDARD"/>
    <property name="user.country" value="CN"/>
    <property name="sun.boot.library.path" value="/Library/Java/JavaVirtualMachines/jdk-23.jdk/Contents/Home/lib"/>
    <property name="sun.java.command" value="/Users/apple01/cw-db加测试版/cw-db-over/target/surefire/surefirebooter17147195507572178489.jar /Users/apple01/cw-db加测试版/cw-db-over/target/surefire 2025-03-14T00-19-36_834-jvmRun1 surefire17773806479281633244tmp surefire_06226917945568132960tmp"/>
    <property name="jdk.debug" value="release"/>
    <property name="surefire.test.class.path" value="/Users/apple01/cw-db加测试版/cw-db-over/target/test-classes:/Users/apple01/cw-db加测试版/cw-db-over/target/classes:/Users/apple01/.m2/repository/org/junit/jupiter/junit-jupiter/5.8.2/junit-jupiter-5.8.2.jar:/Users/apple01/.m2/repository/org/junit/jupiter/junit-jupiter-api/5.8.2/junit-jupiter-api-5.8.2.jar:/Users/apple01/.m2/repository/org/opentest4j/opentest4j/1.2.0/opentest4j-1.2.0.jar:/Users/apple01/.m2/repository/org/junit/platform/junit-platform-commons/1.8.2/junit-platform-commons-1.8.2.jar:/Users/apple01/.m2/repository/org/apiguardian/apiguardian-api/1.1.2/apiguardian-api-1.1.2.jar:/Users/apple01/.m2/repository/org/junit/jupiter/junit-jupiter-params/5.8.2/junit-jupiter-params-5.8.2.jar:/Users/apple01/.m2/repository/org/junit/jupiter/junit-jupiter-engine/5.8.2/junit-jupiter-engine-5.8.2.jar:/Users/apple01/.m2/repository/org/junit/platform/junit-platform-engine/1.8.2/junit-platform-engine-1.8.2.jar:/Users/apple01/.m2/repository/org/junit/platform/junit-platform-suite/1.8.2/junit-platform-suite-1.8.2.jar:/Users/apple01/.m2/repository/org/junit/platform/junit-platform-suite-api/1.8.2/junit-platform-suite-api-1.8.2.jar:/Users/apple01/.m2/repository/org/junit/platform/junit-platform-suite-engine/1.8.2/junit-platform-suite-engine-1.8.2.jar:/Users/apple01/.m2/repository/org/junit/platform/junit-platform-suite-commons/1.8.2/junit-platform-suite-commons-1.8.2.jar:/Users/apple01/.m2/repository/org/junit/platform/junit-platform-launcher/1.8.2/junit-platform-launcher-1.8.2.jar:"/>
    <property name="sun.cpu.endian" value="little"/>
    <property name="user.home" value="/Users/apple01"/>
    <property name="user.language" value="zh"/>
    <property name="java.specification.vendor" value="Oracle Corporation"/>
    <property name="java.version.date" value="2024-10-15"/>
    <property name="java.home" value="/Library/Java/JavaVirtualMachines/jdk-23.jdk/Contents/Home"/>
    <property name="file.separator" value="/"/>
    <property name="basedir" value="/Users/apple01/cw-db加测试版/cw-db-over"/>
    <property name="java.vm.compressedOopsMode" value="Zero based"/>
    <property name="line.separator" value="&#10;"/>
    <property name="java.specification.name" value="Java Platform API Specification"/>
    <property name="java.vm.specification.vendor" value="Oracle Corporation"/>
    <property name="apple.awt.application.name" value="ForkedBooter"/>
    <property name="surefire.real.class.path" value="/Users/apple01/cw-db加测试版/cw-db-over/target/surefire/surefirebooter17147195507572178489.jar"/>
    <property name="user.script" value="Hans"/>
    <property name="sun.management.compiler" value="HotSpot 64-Bit Tiered Compilers"/>
    <property name="java.runtime.version" value="23.0.1+11-39"/>
    <property name="user.name" value="apple01"/>
    <property name="stdout.encoding" value="UTF-8"/>
    <property name="path.separator" value=":"/>
    <property name="os.version" value="12.7.6"/>
    <property name="java.runtime.name" value="Java(TM) SE Runtime Environment"/>
    <property name="file.encoding" value="UTF-8"/>
    <property name="java.vm.name" value="Java HotSpot(TM) 64-Bit Server VM"/>
    <property name="localRepository" value="/Users/apple01/.m2/repository"/>
    <property name="java.vendor.url.bug" value="https://bugreport.java.com/bugreport/"/>
    <property name="java.io.tmpdir" value="/var/folders/q_/s1v0jt9s13n2lpjnyyvqrv9c0000gn/T/"/>
    <property name="java.version" value="23.0.1"/>
    <property name="user.dir" value="/Users/apple01/cw-db加测试版/cw-db-over"/>
    <property name="os.arch" value="x86_64"/>
    <property name="java.vm.specification.name" value="Java Virtual Machine Specification"/>
    <property name="native.encoding" value="UTF-8"/>
    <property name="java.library.path" value="/Users/apple01/Library/Java/Extensions:/Library/Java/Extensions:/Network/Library/Java/Extensions:/System/Library/Java/Extensions:/usr/lib/java:."/>
    <property name="java.vm.info" value="mixed mode, sharing"/>
    <property name="stderr.encoding" value="UTF-8"/>
    <property name="java.vendor" value="Oracle Corporation"/>
    <property name="java.vm.version" value="23.0.1+11-39"/>
    <property name="sun.io.unicode.encoding" value="UnicodeBig"/>
    <property name="java.class.version" value="67.0"/>
  </properties>
  <testcase name="testDoc" classname="edu.uob.FinalTests" time="0.196">
    <system-out><![CDATA[========================
CREATE DATABASE ubuhpqgcej;
[OK] Switched to database: ubuhpqgcej
========================

========================
USE ubuhpqgcej;
[OK]
========================

========================
CREATE TABLE Marks (name, mark, pass);
[OK] Table created
========================

========================
INSERT INTO marks VALUES ('Simon', 65, TRUE);
[OK] Insert successful
========================

========================
INSERT INTO marks VALUES ('Sion', 55, TRUE);
[OK] Insert successful
========================

========================
INSERT INTO marks VALUES ('Rob', 35, FALSE);
[OK] Insert successful
========================

========================
INSERT INTO marks VALUES ('Chris', 20, FALSE);
[OK] Insert successful
========================

========================
CREATE TABLE coursework (task, submission);
[OK] Table created
========================

========================
INSERT INTO coursework VALUES ('OXO', 3);
[OK] Insert successful
========================

========================
INSERT INTO coursework VALUES ('DB', 1);
[OK] Insert successful
========================

========================
INSERT INTO coursework VALUES ('OXO', 4);
[OK] Insert successful
========================

========================
INSERT INTO coursework VALUES ('STAG', 2);
[OK] Insert successful
========================

========================
SELECT * FROM marks;
[OK]
id	name	mark	pass
1	Simon	65	TRUE
2	Sion	55	TRUE
3	Rob	35	FALSE
4	Chris	20	FALSE
========================

========================
JOIN coursework AND marks ON submission AND id;
[OK]
id	coursework.task	marks.name	marks.mark	marks.pass
1	OXO	Rob	35	FALSE
2	DB	Simon	65	TRUE
3	OXO	Chris	20	FALSE
4	STAG	Sion	55	TRUE

========================

[OK]
id	coursework.task	marks.name	marks.mark	marks.pass
1	OXO	Rob	35	FALSE
2	DB	Simon	65	TRUE
3	OXO	Chris	20	FALSE
4	STAG	Sion	55	TRUE

========================
UPDATE marks SET mark = 38 WHERE name == 'Chris';
[OK] Update successful
========================

========================
SELECT * FROM marks WHERE name == 'Chris';
[OK]
id	name	mark	pass
4	Chris	38	FALSE
========================

========================
DELETE FROM marks WHERE name == 'Sion';
[OK] Delete successful
========================

========================
SELECT * FROM marks;
[OK]
id	name	mark	pass
1	Simon	65	TRUE
3	Rob	35	FALSE
4	Chris	38	FALSE
========================

========================
SELECT * FROM marks WHERE (pass == FALSE) AND (mark > 35);
[OK]
id	name	mark	pass
4	Chris	38	FALSE
========================

========================
SELECT * FROM marks WHERE name LIKE 'i';
[OK]
id	name	mark	pass
1	Simon	65	TRUE
4	Chris	38	FALSE
========================

========================
ALTER TABLE marks ADD age;
[OK] Column added
========================

========================
SELECT * FROM marks;
[OK]
id	name	mark	pass	age
1	Simon	65	TRUE	
3	Rob	35	FALSE	
4	Chris	38	FALSE	
========================

[DEBUG] Verified new table header from file: id	name	mark	age
========================
ALTER TABLE marks DROP pass;
[OK] Column dropped
========================

========================
UPDATE marks SET age = 35 WHERE name == 'Simon';
[OK] Update successful
========================

========================
SELECT * FROM marks;
[OK]
id	name	mark	age
1	Simon	65	35
3	Rob	35
4	Chris	38
========================

========================
SELECT * FROM crew;
[ERROR] Table does not exist
========================

========================
SELECT height FROM marks WHERE name == 'Chris';
[ERROR] Column 'height' does not exist
========================

========================
DROP TABLE marks;
[OK] Table dropped
========================

========================
DROP DATABASE ubuhpqgcej;
[OK] Database dropped
========================

]]></system-out>
  </testcase>
  <testcase name="testDifficult2" classname="edu.uob.FinalTests" time="0.022">
    <system-out><![CDATA[========================
CREATE DATABASE ewafuknxmv;
[OK] Switched to database: ewafuknxmv
========================

========================
USE ewafuknxmv;
[OK]
========================

========================
CREATE TABLE marks (name, mark, pass);
[OK] Table created
========================

========================
INSERT INTO marks VALUES('%.{$abc}abc', 65.1, TRUE);
[OK] Insert successful
========================

========================
USE ewafuknxmv;
[OK]
========================

========================
SELECT * FROM marks WHERE (pass == FALSE) AND (mark > 35);
[OK]
id	name	mark	pass
========================

========================
SELECT * FROM marks WHERE (pass == FALSE) AND (mark > 35);
[OK]
id	name	mark	pass
========================

========================
drop table balabala;
[ERROR] Table does not exist
========================

========================
drop database balabala;
[ERROR] Database does not exist
========================

]]></system-out>
  </testcase>
  <testcase name="testUpperCases" classname="edu.uob.FinalTests" time="0.025">
    <system-out><![CDATA[========================
CREATE DATABASE AYSWDAYVJC;
[OK] Switched to database: AYSWDAYVJC
========================

========================
USE  AYSWDAYVJC;
[OK]
========================

========================
CREATE TABLE marKs (name, mark, pass);
[OK] Table created
========================

========================
CREATE TABLE test (name, naMe, Name);
[ERROR] Duplicate column name: name
========================

========================
INSERT INTO Marks VALUES('%.{$abc}abc', 65.1, TRUE);
[OK] Insert successful
========================

========================
USE ayswdAYVJC;
[OK]
========================

========================
SELECT * FROM MARKS WHERE (pass == FALSE) AND (mark > 35);
[OK]
id	name	mark	pass
========================

========================
SELECT * FROM marks WHERE (pass == FALSE) AND (mark > 35);
[OK]
id	name	mark	pass
========================

========================
SELECT * FROM marks WHERE () AND ();
[ERROR] Invalid WHERE clause
========================

========================
SELECT * FROM marks WHERE ((pass == FALSE) AND (mark > 35));
[OK]
id	name	mark	pass
========================

========================
SELECT * FROM marks WHERE ((pass == FALSE) OR (mark > 35);
[ERROR] Column (mark does not exist
========================

]]></system-out>
  </testcase>
  <testcase name="testDifficult" classname="edu.uob.FinalTests" time="0.054">
    <system-out><![CDATA[========================
CREATE DATABASE fwmuwkfudb;
[OK] Switched to database: fwmuwkfudb
========================

========================
USE fwmuwkfudb;
[OK]
========================

========================
CREATE TABLE marks (name, mark, pass);
[OK] Table created
========================

========================
INSERT INTO marks VALUES ('Simon', 65, TRUE);
[OK] Insert successful
========================

========================
INSERT INTO marks VALUES ('Sion', 55, TRUE);
[OK] Insert successful
========================

========================
INSERT INTO marks VALUES ('Rob', 35, FALSE);
[OK] Insert successful
========================

========================
INSERT INTO marks VALUES ('Chris', 20, FALSE);
[OK] Insert successful
========================

========================
CREATE TABLE coursework (task, submission);
[OK] Table created
========================

========================
INSERT INTO coursework VALUES ('OXO', 3);
[OK] Insert successful
========================

========================
INSERT INTO coursework VALUES ('DB', 1);
[OK] Insert successful
========================

========================
INSERT INTO coursework VALUES ('OXO', 4);
[OK] Insert successful
========================

========================
INSERT INTO coursework VALUES ('STAG', 2);
[OK] Insert successful
========================

========================
INSERT INTO coursework VALUES ('STAG); drop database fwmuwkfudb;', 2);
[OK] Insert successful
========================

[DEBUG] Verified new table header from file: id	name	mark
========================
ALTER TABLE marks DROP pass;
[OK] Column dropped
========================

========================
SELECT * FROM marks where pass == NULL;
[ERROR] Column pass does not exist
========================

========================
update marks set id=3 where mark==65;
[ERROR] Cannot update primary key
========================

========================
ALTER TABLE marks DROP id;
[ERROR] Cannot drop primary key
========================

]]></system-out>
  </testcase>
</testsuite>